

============================== 2023-04-05 06:11:17.479697 | 7747dd65-78de-4250-9407-3c46b80085ae ==============================
[0m06:11:17.479697 [info ] [MainThread]: Running with dbt=1.4.5
[0m06:11:17.480567 [debug] [MainThread]: running dbt with arguments {'write_json': True, 'use_colors': True, 'printer_width': 80, 'version_check': True, 'partial_parse': True, 'static_parser': True, 'profiles_dir': '/Users/irfan/.dbt', 'send_anonymous_usage_stats': True, 'quiet': False, 'no_print': False, 'cache_selected_only': False, 'project_name': 'final-project', 'skip_profile_setup': False, 'which': 'init', 'indirect_selection': 'eager'}
[0m06:11:17.480680 [debug] [MainThread]: Tracking: tracking
[0m06:11:17.497077 [debug] [MainThread]: Sending event: {'category': 'dbt', 'action': 'invocation', 'label': 'start', 'context': [<snowplow_tracker.self_describing_json.SelfDescribingJson object at 0x110a2b7f0>, <snowplow_tracker.self_describing_json.SelfDescribingJson object at 0x1109fcfd0>, <snowplow_tracker.self_describing_json.SelfDescribingJson object at 0x110a14190>]}
[0m06:11:36.724377 [debug] [MainThread]: Starter project path: /Library/Frameworks/Python.framework/Versions/3.9/lib/python3.9/site-packages/dbt/include/starter_project
[0m06:14:44.112320 [info ] [MainThread]: Profile final_project written to /Users/irfan/.dbt/profiles.yml using target's profile_template.yml and your supplied values. Run 'dbt debug' to validate the connection.
[0m06:14:44.113579 [info ] [MainThread]: 
Your new dbt project "final_project" was created!

For more information on how to configure the profiles.yml file,
please consult the dbt documentation here:

  https://docs.getdbt.com/docs/configure-your-profile

One more thing:

Need help? Don't hesitate to reach out to us via GitHub issues or on Slack:

  https://community.getdbt.com/

Happy modeling!

[0m06:14:44.114052 [debug] [MainThread]: Sending event: {'category': 'dbt', 'action': 'invocation', 'label': 'end', 'context': [<snowplow_tracker.self_describing_json.SelfDescribingJson object at 0x1109e85b0>, <snowplow_tracker.self_describing_json.SelfDescribingJson object at 0x137077310>, <snowplow_tracker.self_describing_json.SelfDescribingJson object at 0x110a27880>]}
[0m06:14:44.114461 [debug] [MainThread]: Flushing usage events


============================== 2023-04-05 06:15:07.363089 | 5fddecd1-9121-482e-9847-8cadb11db55c ==============================
[0m06:15:07.363089 [info ] [MainThread]: Running with dbt=1.4.5
[0m06:15:07.363928 [debug] [MainThread]: running dbt with arguments {'write_json': True, 'use_colors': True, 'printer_width': 80, 'version_check': True, 'partial_parse': True, 'static_parser': True, 'profiles_dir': '/Users/irfan/.dbt', 'send_anonymous_usage_stats': True, 'quiet': False, 'no_print': False, 'cache_selected_only': False, 'config_dir': False, 'which': 'debug', 'indirect_selection': 'eager'}
[0m06:15:07.364042 [debug] [MainThread]: Tracking: tracking
[0m06:15:07.375510 [debug] [MainThread]: Sending event: {'category': 'dbt', 'action': 'invocation', 'label': 'start', 'context': [<snowplow_tracker.self_describing_json.SelfDescribingJson object at 0x105947c40>, <snowplow_tracker.self_describing_json.SelfDescribingJson object at 0x10595cd90>, <snowplow_tracker.self_describing_json.SelfDescribingJson object at 0x105973b50>]}
[0m06:15:07.884715 [debug] [MainThread]: Executing "git --help"
[0m06:15:07.898396 [debug] [MainThread]: STDOUT: "b"usage: git [-v | --version] [-h | --help] [-C <path>] [-c <name>=<value>]\n           [--exec-path[=<path>]] [--html-path] [--man-path] [--info-path]\n           [-p | --paginate | -P | --no-pager] [--no-replace-objects] [--bare]\n           [--git-dir=<path>] [--work-tree=<path>] [--namespace=<name>]\n           [--super-prefix=<path>] [--config-env=<name>=<envvar>]\n           <command> [<args>]\n\nThese are common Git commands used in various situations:\n\nstart a working area (see also: git help tutorial)\n   clone     Clone a repository into a new directory\n   init      Create an empty Git repository or reinitialize an existing one\n\nwork on the current change (see also: git help everyday)\n   add       Add file contents to the index\n   mv        Move or rename a file, a directory, or a symlink\n   restore   Restore working tree files\n   rm        Remove files from the working tree and from the index\n\nexamine the history and state (see also: git help revisions)\n   bisect    Use binary search to find the commit that introduced a bug\n   diff      Show changes between commits, commit and working tree, etc\n   grep      Print lines matching a pattern\n   log       Show commit logs\n   show      Show various types of objects\n   status    Show the working tree status\n\ngrow, mark and tweak your common history\n   branch    List, create, or delete branches\n   commit    Record changes to the repository\n   merge     Join two or more development histories together\n   rebase    Reapply commits on top of another base tip\n   reset     Reset current HEAD to the specified state\n   switch    Switch branches\n   tag       Create, list, delete or verify a tag object signed with GPG\n\ncollaborate (see also: git help workflows)\n   fetch     Download objects and refs from another repository\n   pull      Fetch from and integrate with another repository or a local branch\n   push      Update remote refs along with associated objects\n\n'git help -a' and 'git help -g' list available subcommands and some\nconcept guides. See 'git help <command>' or 'git help <concept>'\nto read about a specific subcommand or concept.\nSee 'git help git' for an overview of the system.\n""
[0m06:15:07.899001 [debug] [MainThread]: STDERR: "b''"
[0m06:15:07.899408 [debug] [MainThread]: Sending event: {'category': 'dbt', 'action': 'invocation', 'label': 'end', 'context': [<snowplow_tracker.self_describing_json.SelfDescribingJson object at 0x10597a1c0>, <snowplow_tracker.self_describing_json.SelfDescribingJson object at 0x11f8cceb0>, <snowplow_tracker.self_describing_json.SelfDescribingJson object at 0x11f8c1a00>]}
[0m06:15:07.899734 [debug] [MainThread]: Flushing usage events
